feedback.html     http://outreach.vlabs.ac.in/
index.html     http://outreach.vlabs.ac.in/
objective.html     http://outreach.vlabs.ac.in/
performance-report.html     http://vlab.co.in
posttest.html     http://outreach.vlabs.ac.in/
pretest.html     http://outreach.vlabs.ac.in/
procedure.html     http://outreach.vlabs.ac.in/
references.html     http://www.viz.tamu.edu/faculty/parke/ends489f00/notes/sec1_8.html
references.html     http://www.mathworks.com/help/toolbox/images/f7-12915.html
references.html     http://outreach.vlabs.ac.in/
theory.html     http://outreach.vlabs.ac.in/
validator-report.html     http://vlab.co.in
assignment/content.html     http://virtual-labs.ac.in/feedback/?lab=cse19
assignment/content.html     http://www.sakshat.ac.in/
assignment/content.html     http://outreach.vlabs.ac.in/
assignment/content.html     http://vlab.co.in/faq
assignment/content.html     http://virtual-labs.ac.in/nmeict/
assignment/content.html     http://virtual-labs.ac.in/licensing/
assignment/default.html     http://www.sakshat.ac.in/
assignment/default.html     http://outreach.vlabs.ac.in/
assignment/default.html     http://vlab.co.in/faq
assignment/faq.html     http://vlabs.ac.in/index.html
assignment/faq.html     http://vlabs.ac.in/index.html
assignment/faq.html     http://vlabs.ac.in/index.html#partner
assignment/faq.html     http://vlabs.ac.in/index.html#contact
assignment/faq.html     http://vlabs.ac.in/
assignment/faq.html     http://vlabs.ac.in/pre-requisites.html
assignment/faq.html     http://vlabs-dev.vlabs.ac.in/community/contributing.html
assignment/faq.html     http://www.sakshat.ac.in/
assignment/faq.html     http://outreach.vlabs.ac.in/
assignment/faq.html     http://vlab.co.in/faq
assignment/template.html     http://vlabs.ac.in/index.html
assignment/template.html     http://vlabs.ac.in/index.html
assignment/template.html     http://vlabs.ac.in/index.html#partner
assignment/template.html     http://vlabs.ac.in/index.html#contact
assignment/template.html     http://www.sakshat.ac.in/
assignment/template.html     http://outreach.vlabs.ac.in/
assignment/template.html     http://vlab.co.in/faq
simulation/content.html     http://virtual-labs.ac.in/feedback/?lab=cse19
simulation/content.html     http://www.sakshat.ac.in/
simulation/content.html     http://outreach.vlabs.ac.in/
simulation/content.html     http://vlab.co.in/faq
simulation/content.html     http://virtual-labs.ac.in/nmeict/
simulation/content.html     http://virtual-labs.ac.in/licensing/
simulation/default.html     http://www.sakshat.ac.in/
simulation/default.html     http://outreach.vlabs.ac.in/
simulation/default.html     http://vlab.co.in/faq
simulation/faq.html     http://vlabs.ac.in/index.html
simulation/faq.html     http://vlabs.ac.in/index.html
simulation/faq.html     http://vlabs.ac.in/index.html#partner
simulation/faq.html     http://vlabs.ac.in/index.html#contact
simulation/faq.html     http://vlabs.ac.in/
simulation/faq.html     http://vlabs.ac.in/pre-requisites.html
simulation/faq.html     http://vlabs-dev.vlabs.ac.in/community/contributing.html
simulation/faq.html     http://www.sakshat.ac.in/
simulation/faq.html     http://outreach.vlabs.ac.in/
simulation/faq.html     http://vlab.co.in/faq
simulation/template.html     http://vlabs.ac.in/index.html
simulation/template.html     http://vlabs.ac.in/index.html
simulation/template.html     http://vlabs.ac.in/index.html#partner
simulation/template.html     http://vlabs.ac.in/index.html#contact
simulation/template.html     http://www.sakshat.ac.in/
simulation/template.html     http://outreach.vlabs.ac.in/
simulation/template.html     http://vlab.co.in/faq
assignment/neigh/Assignment.html     http://vlabs.ac.in/index.html
assignment/neigh/Assignment.html     http://vlab.co.in/
assignment/neigh/Assignment.html     http://vlab.co.in/participating-institutes
assignment/neigh/Assignment.html     http://vlab.co.in/broad-area-computer-science-and-engineering
assignment/neigh/Assignment.html     http://vlab.co.in/contact-us
assignment/neigh/Assignment.html     http://www.sakshat.ac.in/
assignment/neigh/Assignment.html     http://outreach.vlabs.ac.in/
assignment/neigh/Assignment.html     http://vlab.co.in/faq
assignment/neigh/Experiment.html     http://vlabs.ac.in/index.html
assignment/neigh/Experiment.html     http://vlab.co.in/
assignment/neigh/Experiment.html     http://vlab.co.in/participating-institutes
assignment/neigh/Experiment.html     http://vlab.co.in/contact-us
assignment/neigh/Experiment.html     http://vlab.co.in/broad-area-computer-science-and-engineering
assignment/neigh/Experiment.html     http://www.sakshat.ac.in/
assignment/neigh/Experiment.html     http://outreach.vlabs.ac.in/
assignment/neigh/Experiment.html     http://vlab.co.in/faq
assignment/neigh/Feedback.html     http://vlab.co.in
assignment/neigh/Feedback.html     http://vlab.co.in/
assignment/neigh/Feedback.html     http://vlab.co.in/participating-institutes
assignment/neigh/Feedback.html     http://vlab.co.in/contact-us
assignment/neigh/Feedback.html     http://vlab.co.in/broad-area-computer-science-and-engineering
assignment/neigh/Feedback.html     http://209.211.220.205/feedback/feedback.html
assignment/neigh/Feedback.html     http://www.sakshat.ac.in/
assignment/neigh/Feedback.html     http://outreach.vlabs.ac.in/
assignment/neigh/Feedback.html     http://vlab.co.in/faq
assignment/neigh/Introduction.html     http://vlabs.ac.in/index.html
assignment/neigh/Introduction.html     http://vlab.co.in/
assignment/neigh/Introduction.html     http://vlab.co.in/participating-institutes
assignment/neigh/Introduction.html     http://vlab.co.in/contact-us
assignment/neigh/Introduction.html     http://vlab.co.in/broad-area-computer-science-and-engineering
assignment/neigh/Introduction.html     http://www.sakshat.ac.in/
assignment/neigh/Introduction.html     http://outreach.vlabs.ac.in/
assignment/neigh/Introduction.html     http://vlab.co.in/faq
assignment/neigh/Objective.html     http://vlabs.ac.in/index.html
assignment/neigh/Objective.html     http://vlab.co.in/
assignment/neigh/Objective.html     http://vlab.co.in/participating-institutes
assignment/neigh/Objective.html     http://vlab.co.in/contact-us
assignment/neigh/Objective.html     http://vlab.co.in/broad-area-computer-science-and-engineering
assignment/neigh/Objective.html     http://www.sakshat.ac.in/
assignment/neigh/Objective.html     http://outreach.vlabs.ac.in/
assignment/neigh/Objective.html     http://vlab.co.in/faq
assignment/neigh/Procedure.html     http://vlabs.ac.in/index.html
assignment/neigh/Procedure.html     http://vlab.co.in/
assignment/neigh/Procedure.html     http://vlab.co.in/participating-institutes
assignment/neigh/Procedure.html     http://vlab.co.in/contact-us
assignment/neigh/Procedure.html     http://vlab.co.in/faq
assignment/neigh/Procedure.html     http://outreach.vlabs.ac.in/
assignment/neigh/Procedure.html     http://www.sakshat.ac.in/
assignment/neigh/Procedure.html     http://vlab.co.in/broad-area-computer-science-and-engineering
assignment/neigh/Quizzes.html     http://vlabs.ac.in/index.html
assignment/neigh/Quizzes.html     http://vlab.co.in/
assignment/neigh/Quizzes.html     http://vlab.co.in/participating-institutes
assignment/neigh/Quizzes.html     http://vlab.co.in/contact-us
assignment/neigh/Quizzes.html     http://vlab.co.in/broad-area-computer-science-and-engineering
assignment/neigh/Quizzes.html     http://www.sakshat.ac.in/
assignment/neigh/Quizzes.html     http://outreach.vlabs.ac.in/
assignment/neigh/Quizzes.html     http://vlab.co.in/faq
assignment/neigh/References.html     http://vlabs.ac.in/index.html
assignment/neigh/References.html     http://vlab.co.in/
assignment/neigh/References.html     http://vlab.co.in/participating-institutes
assignment/neigh/References.html     http://vlab.co.in/contact-us
assignment/neigh/References.html     http://vlab.co.in/broad-area-computer-science-and-engineering
assignment/neigh/References.html     http://www.viz.tamu.edu/faculty/parke/ends489f00/notes/sec1_8.html
assignment/neigh/References.html     http://www.mathworks.com/help/toolbox/images/f7-12915.html
assignment/neigh/References.html     http://www.sakshat.ac.in/
assignment/neigh/References.html     http://outreach.vlabs.ac.in/
assignment/neigh/References.html     http://vlab.co.in/faq
assignment/neigh/Theory.html     http://vlabs.ac.in/index.html
assignment/neigh/Theory.html     http://vlab.co.in/
assignment/neigh/Theory.html     http://vlab.co.in/participating-institutes
assignment/neigh/Theory.html     http://vlab.co.in/contact-us
assignment/neigh/Theory.html     http://vlab.co.in/broad-area-computer-science-and-engineering
assignment/neigh/Theory.html     http://www.sakshat.ac.in/
assignment/neigh/Theory.html     http://outreach.vlabs.ac.in/
assignment/neigh/Theory.html     http://vlab.co.in/faq
assignment/neigh/references.html     http://www.viz.tamu.edu/faculty/parke/ends489f00/notes/sec1_8.html
assignment/neigh/references.html     http://www.mathworks.com/help/toolbox/images/f7-12915.html
simulation/neigh/Assignment.html     http://vlabs.ac.in/index.html
simulation/neigh/Assignment.html     http://vlab.co.in/participating-institutes
simulation/neigh/Assignment.html     http://vlab.co.in/
simulation/neigh/Assignment.html     http://vlab.co.in/contact-us
simulation/neigh/Assignment.html     http://vlab.co.in/broad-area-computer-science-and-engineering
simulation/neigh/Assignment.html     http://www.sakshat.ac.in/
simulation/neigh/Assignment.html     http://outreach.vlabs.ac.in/
simulation/neigh/Assignment.html     http://vlab.co.in/faq
simulation/neigh/Experiment.html     http://vlabs.ac.in/index.html
simulation/neigh/Experiment.html     http://vlab.co.in/
simulation/neigh/Experiment.html     http://vlab.co.in/participating-institutes
simulation/neigh/Experiment.html     http://vlab.co.in/contact-us
simulation/neigh/Experiment.html     http://vlab.co.in/broad-area-computer-science-and-engineering
simulation/neigh/Experiment.html     http://www.sakshat.ac.in/
simulation/neigh/Experiment.html     http://outreach.vlabs.ac.in/
simulation/neigh/Experiment.html     http://vlab.co.in/faq
simulation/neigh/Feedback.html     http://vlab.co.in
simulation/neigh/Feedback.html     http://vlab.co.in/
simulation/neigh/Feedback.html     http://vlab.co.in/participating-institutes
simulation/neigh/Feedback.html     http://vlab.co.in/contact-us
simulation/neigh/Feedback.html     http://vlab.co.in/broad-area-computer-science-and-engineering
simulation/neigh/Feedback.html     http://209.211.220.205/feedback/feedback.html
simulation/neigh/Feedback.html     http://www.sakshat.ac.in/
simulation/neigh/Feedback.html     http://outreach.vlabs.ac.in/
simulation/neigh/Feedback.html     http://vlab.co.in/faq
simulation/neigh/Introduction.html     http://vlabs.ac.in/index.html
simulation/neigh/Introduction.html     http://vlab.co.in/participating-institutes
simulation/neigh/Introduction.html     http://vlab.co.in/
simulation/neigh/Introduction.html     http://vlab.co.in/contact-us
simulation/neigh/Introduction.html     http://vlab.co.in/broad-area-computer-science-and-engineering
simulation/neigh/Introduction.html     http://www.sakshat.ac.in/
simulation/neigh/Introduction.html     http://outreach.vlabs.ac.in/
simulation/neigh/Introduction.html     http://vlab.co.in/faq
simulation/neigh/Objective.html     http://vlabs.ac.in/index.html
simulation/neigh/Objective.html     http://vlab.co.in/
simulation/neigh/Objective.html     http://vlab.co.in/participating-institutes
simulation/neigh/Objective.html     http://vlab.co.in/contact-us
simulation/neigh/Objective.html     http://vlab.co.in/broad-area-computer-science-and-engineering
simulation/neigh/Objective.html     http://www.sakshat.ac.in/
simulation/neigh/Objective.html     http://outreach.vlabs.ac.in/
simulation/neigh/Objective.html     http://vlab.co.in/faq
simulation/neigh/Procedure.html     http://vlabs.ac.in/index.html
simulation/neigh/Procedure.html     http://vlab.co.in/
simulation/neigh/Procedure.html     http://vlab.co.in/contact-us
simulation/neigh/Procedure.html     http://vlab.co.in/broad-area-computer-science-and-engineering
simulation/neigh/Procedure.html     http://vlab.co.in/participating-institutes
simulation/neigh/Procedure.html     http://www.sakshat.ac.in/
simulation/neigh/Procedure.html     http://outreach.vlabs.ac.in/
simulation/neigh/Procedure.html     http://vlab.co.in/faq
simulation/neigh/Quizzes.html     http://vlabs.ac.in/index.html
simulation/neigh/Quizzes.html     http://vlab.co.in/
simulation/neigh/Quizzes.html     http://vlab.co.in/participating-institutes
simulation/neigh/Quizzes.html     http://vlab.co.in/contact-us
simulation/neigh/Quizzes.html     http://vlab.co.in/broad-area-computer-science-and-engineering
simulation/neigh/Quizzes.html     http://www.sakshat.ac.in/
simulation/neigh/Quizzes.html     http://outreach.vlabs.ac.in/
simulation/neigh/Quizzes.html     http://vlab.co.in/faq
simulation/neigh/References.html     http://vlabs.ac.in/index.html
simulation/neigh/References.html     http://vlab.co.in/
simulation/neigh/References.html     http://vlab.co.in/participating-institutes
simulation/neigh/References.html     http://vlab.co.in/contact-us
simulation/neigh/References.html     http://vlab.co.in/broad-area-computer-science-and-engineering
simulation/neigh/References.html     http://www.viz.tamu.edu/faculty/parke/ends489f00/notes/sec1_8.html
simulation/neigh/References.html     http://www.mathworks.com/help/toolbox/images/f7-12915.html
simulation/neigh/References.html     http://www.sakshat.ac.in/
simulation/neigh/References.html     http://outreach.vlabs.ac.in/
simulation/neigh/References.html     http://vlab.co.in/faq
simulation/neigh/Theory.html     http://vlabs.ac.in/index.html
simulation/neigh/Theory.html     http://vlab.co.in/
simulation/neigh/Theory.html     http://vlab.co.in/participating-institutes
simulation/neigh/Theory.html     http://vlab.co.in/contact-us
simulation/neigh/Theory.html     http://vlab.co.in/broad-area-computer-science-and-engineering
simulation/neigh/Theory.html     http://www.sakshat.ac.in/
simulation/neigh/Theory.html     http://outreach.vlabs.ac.in/
simulation/neigh/Theory.html     http://vlab.co.in/faq
simulation/neigh/references.html     http://www.viz.tamu.edu/faculty/parke/ends489f00/notes/sec1_8.html
simulation/neigh/references.html     http://www.mathworks.com/help/toolbox/images/f7-12915.html
